<?xml version="1.0" encoding="UTF-8"?>
<!-- Generated by org.testng.reporters.JUnitReportReporter -->
<testsuite hostname="Manickam" failures="0" tests="1" name="Program1_FindElementsStartsWithLetterA" time="0.015" errors="0" timestamp="2023-07-03T17:22:28 IST" skipped="0">
  <testcase classname="Program1_FindElementsStartsWithLetterA" name="streamFilter" time="0.015"/>
</testsuite> <!-- Program1_FindElementsStartsWithLetterA -->
