<?xml version="1.0" encoding="UTF-8"?>
<!-- Generated by org.testng.reporters.JUnitReportReporter -->
<testsuite hostname="Manickam" failures="0" tests="1" name="com.viji.Assignment01" time="0.008" errors="0" timestamp="2023-07-03T20:14:27 IST" skipped="0">
  <testcase classname="com.viji.Assignment01" name="assignment" time="0.008"/>
</testsuite> <!-- com.viji.Assignment01 -->
