<?xml version="1.0" encoding="UTF-8"?>
<!-- Generated by org.testng.reporters.JUnitReportReporter -->
<testsuite hostname="Manickam" failures="0" tests="2" name="com.viji.MapFilter03" time="0.011" errors="0" timestamp="2023-07-03T20:01:49 IST" skipped="0">
  <testcase classname="com.viji.MapFilter03" name="streamCollect" time="0.002"/>
  <testcase classname="com.viji.MapFilter03" name="StreamMap" time="0.009"/>
</testsuite> <!-- com.viji.MapFilter03 -->
